2023-07-24 11:04:59,976 INFO o.a.j.u.JMeterUtils: Setting Locale to en_EN
2023-07-24 11:04:59,998 INFO o.a.j.JMeter: Loading user properties from: /opt/homebrew/Cellar/jmeter/5.6.2/libexec/bin/user.properties
2023-07-24 11:04:59,998 INFO o.a.j.JMeter: Loading system properties from: /opt/homebrew/Cellar/jmeter/5.6.2/libexec/bin/system.properties
2023-07-24 11:05:00,003 INFO o.a.j.JMeter: Copyright (c) 1998-2023 The Apache Software Foundation
2023-07-24 11:05:00,004 INFO o.a.j.JMeter: Version 5.6.2
2023-07-24 11:05:00,004 INFO o.a.j.JMeter: java.version=17.0.7
2023-07-24 11:05:00,004 INFO o.a.j.JMeter: java.vm.name=OpenJDK 64-Bit Server VM
2023-07-24 11:05:00,004 INFO o.a.j.JMeter: os.name=Mac OS X
2023-07-24 11:05:00,004 INFO o.a.j.JMeter: os.arch=aarch64
2023-07-24 11:05:00,004 INFO o.a.j.JMeter: os.version=13.2
2023-07-24 11:05:00,004 INFO o.a.j.JMeter: file.encoding=UTF-8
2023-07-24 11:05:00,004 INFO o.a.j.JMeter: java.awt.headless=null
2023-07-24 11:05:00,004 INFO o.a.j.JMeter: Max memory     =1073741824
2023-07-24 11:05:00,004 INFO o.a.j.JMeter: Available Processors =8
2023-07-24 11:05:00,012 INFO o.a.j.JMeter: Default Locale=English (EN)
2023-07-24 11:05:00,013 INFO o.a.j.JMeter: JMeter  Locale=English (EN)
2023-07-24 11:05:00,013 INFO o.a.j.JMeter: JMeterHome=/opt/homebrew/Cellar/jmeter/5.6.2/libexec
2023-07-24 11:05:00,013 INFO o.a.j.JMeter: user.dir  =/Users/samiebuka/DEV/python
2023-07-24 11:05:00,013 INFO o.a.j.JMeter: PWD       =/Users/samiebuka/DEV/python
2023-07-24 11:05:00,021 INFO o.a.j.JMeter: IP: 192.168.9.101 Name: Air-de-Samuel FullName: air-de-samuel
2023-07-24 11:05:00,032 INFO o.a.j.JMeter: Loaded icon properties from org/apache/jmeter/images/icon.properties
2023-07-24 11:05:00,457 INFO o.a.j.JMeterGuiLauncher: Setting LAF to: com.github.weisj.darklaf.DarkLaf:com.github.weisj.darklaf.theme.DarculaTheme
2023-07-24 11:05:02,922 INFO o.a.j.r.ClassFinder: Will scan jar /opt/homebrew/Cellar/jmeter/5.6.2/libexec/lib/ext/jmeter-plugins-manager-1.9.jar with filter ExtendsClassFilter [parents=[interface org.apache.jmeter.gui.action.Command], inner=false, contains=null, notContains=null]. Consider exposing JMeter plugins via META-INF/services, and add JMeter-Skip-Class-Scanning=true manifest attribute so JMeter can skip classfile scanning
2023-07-24 11:05:03,068 INFO o.a.j.r.ClassFinder: Will scan jar /opt/homebrew/Cellar/jmeter/5.6.2/libexec/lib/ext/jmeter-plugins-manager-1.9.jar with filter ExtendsClassFilter [parents=[interface org.apache.jmeter.gui.plugin.MenuCreator], inner=false, contains=null, notContains=null]. Consider exposing JMeter plugins via META-INF/services, and add JMeter-Skip-Class-Scanning=true manifest attribute so JMeter can skip classfile scanning
2023-07-24 11:05:03,144 INFO o.j.r.JARSourceHTTP: Requesting https://jmeter-plugins.org/repo/?installID=mac_os_x-9faf7d27ef4b06bd0467473925047424-gui
2023-07-24 11:05:05,452 INFO o.j.r.PluginManager: Plugins Status: [jpgc-plugins-manager=1.9, jmeter-core=5.6.2, jmeter-ftp=5.6.2, jmeter-http=5.6.2, jmeter-jdbc=5.6.2, jmeter-jms=5.6.2, jmeter-junit=5.6.2, jmeter-java=5.6.2, jmeter-ldap=5.6.2, jmeter-mail=5.6.2, jmeter-mongodb=5.6.2, jmeter-native=5.6.2, jmeter-tcp=5.6.2, jmeter-components=5.6.2]
2023-07-24 11:05:29,338 INFO o.a.j.s.FileServer: Default base='/Users/samiebuka/DEV/python'
2023-07-24 11:05:29,340 INFO o.a.j.g.a.Load: Loading file: /Users/samiebuka/DEV/StagingBasic.jmx
2023-07-24 11:05:29,341 INFO o.a.j.s.FileServer: Set new base='/Users/samiebuka/DEV'
2023-07-24 11:05:29,458 INFO o.a.j.s.SaveService: Testplan (JMX) version: 2.2. Testlog (JTL) version: 2.2
2023-07-24 11:05:29,464 INFO o.a.j.s.SaveService: Using SaveService properties version 5.0
2023-07-24 11:05:29,465 INFO o.a.j.s.SaveService: Using SaveService properties file encoding UTF-8
2023-07-24 11:05:29,465 INFO o.a.j.s.SaveService: Loading file: /Users/samiebuka/DEV/StagingBasic.jmx
2023-07-24 11:05:29,544 INFO o.a.j.p.h.s.HTTPSamplerBase: Parser for text/html is org.apache.jmeter.protocol.http.parser.LagartoBasedHtmlParser
2023-07-24 11:05:29,544 INFO o.a.j.p.h.s.HTTPSamplerBase: Parser for application/xhtml+xml is org.apache.jmeter.protocol.http.parser.LagartoBasedHtmlParser
2023-07-24 11:05:29,544 INFO o.a.j.p.h.s.HTTPSamplerBase: Parser for application/xml is org.apache.jmeter.protocol.http.parser.LagartoBasedHtmlParser
2023-07-24 11:05:29,544 INFO o.a.j.p.h.s.HTTPSamplerBase: Parser for text/xml is org.apache.jmeter.protocol.http.parser.LagartoBasedHtmlParser
2023-07-24 11:05:29,544 INFO o.a.j.p.h.s.HTTPSamplerBase: Parser for text/vnd.wap.wml is org.apache.jmeter.protocol.http.parser.RegexpHTMLParser
2023-07-24 11:05:29,545 INFO o.a.j.p.h.s.HTTPSamplerBase: Parser for text/css is org.apache.jmeter.protocol.http.parser.CssParser
2023-07-24 11:05:29,656 INFO o.a.j.s.SampleResult: Note: Sample TimeStamps are START times
2023-07-24 11:05:29,656 INFO o.a.j.s.SampleResult: sampleresult.default.encoding is set to UTF-8
2023-07-24 11:05:29,657 INFO o.a.j.s.SampleResult: sampleresult.useNanoTime=true
2023-07-24 11:05:29,657 INFO o.a.j.s.SampleResult: sampleresult.nanoThreadSleep=5000
2023-07-24 11:05:29,770 INFO o.a.j.r.ClassFinder: Will scan jar /opt/homebrew/Cellar/jmeter/5.6.2/libexec/lib/ext/jmeter-plugins-manager-1.9.jar with filter ExtendsClassFilter [parents=[interface org.apache.jmeter.visualizers.ResultRenderer], inner=false, contains=null, notContains=null]. Consider exposing JMeter plugins via META-INF/services, and add JMeter-Skip-Class-Scanning=true manifest attribute so JMeter can skip classfile scanning
2023-07-24 11:05:29,790 INFO o.a.j.r.ClassFinder: Will scan jar /opt/homebrew/Cellar/jmeter/5.6.2/libexec/lib/ext/jmeter-plugins-manager-1.9.jar with filter ExtendsClassFilter [parents=[interface org.apache.jmeter.visualizers.RequestView], inner=false, contains=null, notContains=null]. Consider exposing JMeter plugins via META-INF/services, and add JMeter-Skip-Class-Scanning=true manifest attribute so JMeter can skip classfile scanning
2023-07-24 11:05:29,901 INFO o.a.j.s.FileServer: Set new base='/Users/samiebuka/DEV'
2023-07-24 11:05:58,727 INFO o.a.j.e.StandardJMeterEngine: Running the test!
2023-07-24 11:05:58,727 INFO o.a.j.s.SampleEvent: List of sample_variables: []
2023-07-24 11:05:58,728 INFO o.a.j.s.SampleEvent: List of sample_variables: []
2023-07-24 11:05:58,729 INFO o.a.j.e.u.CompoundVariable: Note: Function class names must contain the string: '.functions.'
2023-07-24 11:05:58,729 INFO o.a.j.e.u.CompoundVariable: Note: Function class names must not contain the string: '.gui.'
2023-07-24 11:05:58,768 INFO o.a.j.r.ClassFinder: Will scan jar /opt/homebrew/Cellar/jmeter/5.6.2/libexec/lib/ext/jmeter-plugins-manager-1.9.jar with filter ExtendsClassFilter [parents=[interface org.apache.jmeter.functions.Function], inner=false, contains=null, notContains=null]. Consider exposing JMeter plugins via META-INF/services, and add JMeter-Skip-Class-Scanning=true manifest attribute so JMeter can skip classfile scanning
2023-07-24 11:05:58,773 INFO o.a.j.g.u.JMeterMenuBar: setRunning(true, *local*)
2023-07-24 11:05:58,808 INFO o.a.j.e.StandardJMeterEngine: Starting ThreadGroup: 1 : 50 usuarios
2023-07-24 11:05:58,808 INFO o.a.j.e.StandardJMeterEngine: Starting 50 threads for group 50 usuarios.
2023-07-24 11:05:58,808 INFO o.a.j.e.StandardJMeterEngine: Thread will continue on error
2023-07-24 11:05:58,808 INFO o.a.j.t.ThreadGroup: Starting thread group... number=1 threads=50 ramp-up=1 delayedStart=false
2023-07-24 11:05:58,811 INFO o.a.j.t.JMeterThread: Thread started: 50 usuarios 1-1
2023-07-24 11:05:58,823 INFO o.a.j.p.h.s.HTTPHCAbstractImpl: Local host = Air-de-Samuel
2023-07-24 11:05:58,830 INFO o.a.j.p.h.s.HTTPHC4Impl: HTTP request retry count = 0
2023-07-24 11:05:58,834 INFO o.a.j.t.JMeterThread: Thread started: 50 usuarios 1-2
2023-07-24 11:05:58,841 INFO o.a.j.t.ThreadGroup: Started thread group number 1
2023-07-24 11:05:58,842 INFO o.a.j.e.StandardJMeterEngine: All thread groups have been started
2023-07-24 11:05:58,853 INFO o.a.j.t.JMeterThread: Thread started: 50 usuarios 1-3
2023-07-24 11:05:58,872 INFO o.a.j.t.JMeterThread: Thread started: 50 usuarios 1-4
2023-07-24 11:05:58,895 INFO o.a.j.t.JMeterThread: Thread started: 50 usuarios 1-5
2023-07-24 11:05:58,912 INFO o.a.j.t.JMeterThread: Thread started: 50 usuarios 1-6
2023-07-24 11:05:58,936 INFO o.a.j.t.JMeterThread: Thread started: 50 usuarios 1-7
2023-07-24 11:05:58,955 INFO o.a.j.t.JMeterThread: Thread started: 50 usuarios 1-8
2023-07-24 11:05:58,974 INFO o.a.j.t.JMeterThread: Thread started: 50 usuarios 1-9
2023-07-24 11:05:58,989 INFO o.a.j.t.JMeterThread: Thread started: 50 usuarios 1-10
2023-07-24 11:05:59,014 INFO o.a.j.t.JMeterThread: Thread started: 50 usuarios 1-11
2023-07-24 11:05:59,036 INFO o.a.j.t.JMeterThread: Thread started: 50 usuarios 1-12
2023-07-24 11:05:59,053 INFO o.a.j.t.JMeterThread: Thread started: 50 usuarios 1-13
2023-07-24 11:05:59,075 INFO o.a.j.t.JMeterThread: Thread started: 50 usuarios 1-14
2023-07-24 11:05:59,096 INFO o.a.j.t.JMeterThread: Thread started: 50 usuarios 1-15
2023-07-24 11:05:59,114 INFO o.a.j.t.JMeterThread: Thread started: 50 usuarios 1-16
2023-07-24 11:05:59,135 INFO o.a.j.t.JMeterThread: Thread started: 50 usuarios 1-17
2023-07-24 11:05:59,159 INFO o.a.j.t.JMeterThread: Thread started: 50 usuarios 1-18
2023-07-24 11:05:59,173 INFO o.a.j.t.JMeterThread: Thread started: 50 usuarios 1-19
2023-07-24 11:05:59,195 INFO o.a.j.t.JMeterThread: Thread started: 50 usuarios 1-20
2023-07-24 11:05:59,215 INFO o.a.j.t.JMeterThread: Thread started: 50 usuarios 1-21
2023-07-24 11:05:59,235 INFO o.a.j.t.JMeterThread: Thread started: 50 usuarios 1-22
2023-07-24 11:05:59,254 INFO o.a.j.t.JMeterThread: Thread started: 50 usuarios 1-23
2023-07-24 11:05:59,275 INFO o.a.j.t.JMeterThread: Thread started: 50 usuarios 1-24
2023-07-24 11:05:59,293 INFO o.a.j.t.JMeterThread: Thread started: 50 usuarios 1-25
2023-07-24 11:05:59,314 INFO o.a.j.t.JMeterThread: Thread started: 50 usuarios 1-26
2023-07-24 11:05:59,325 INFO o.a.j.p.h.s.h.LazyLayeredConnectionSocketFactory: Setting up HTTPS TrustAll Socket Factory
2023-07-24 11:05:59,326 INFO o.a.j.u.JsseSSLManager: Using default SSL protocol: TLS
2023-07-24 11:05:59,326 INFO o.a.j.u.JsseSSLManager: SSL session context: per-thread
2023-07-24 11:05:59,334 INFO o.a.j.t.JMeterThread: Thread started: 50 usuarios 1-27
2023-07-24 11:05:59,355 INFO o.a.j.t.JMeterThread: Thread started: 50 usuarios 1-28
2023-07-24 11:05:59,375 INFO o.a.j.t.JMeterThread: Thread started: 50 usuarios 1-29
2023-07-24 11:05:59,395 INFO o.a.j.t.JMeterThread: Thread started: 50 usuarios 1-30
2023-07-24 11:05:59,416 INFO o.a.j.t.JMeterThread: Thread started: 50 usuarios 1-31
2023-07-24 11:05:59,432 INFO o.a.j.u.SSLManager: JmeterKeyStore Location:  type JKS
2023-07-24 11:05:59,433 INFO o.a.j.u.SSLManager: KeyStore created OK
2023-07-24 11:05:59,433 WARN o.a.j.u.SSLManager: Keystore file not found, loading empty keystore
2023-07-24 11:05:59,435 INFO o.a.j.t.JMeterThread: Thread started: 50 usuarios 1-32
2023-07-24 11:05:59,454 INFO o.a.j.t.JMeterThread: Thread started: 50 usuarios 1-33
2023-07-24 11:05:59,475 INFO o.a.j.t.JMeterThread: Thread started: 50 usuarios 1-34
2023-07-24 11:05:59,494 INFO o.a.j.t.JMeterThread: Thread started: 50 usuarios 1-35
2023-07-24 11:05:59,514 INFO o.a.j.t.JMeterThread: Thread started: 50 usuarios 1-36
2023-07-24 11:05:59,530 INFO o.a.j.t.JMeterThread: Thread started: 50 usuarios 1-37
2023-07-24 11:05:59,553 INFO o.a.j.t.JMeterThread: Thread started: 50 usuarios 1-38
2023-07-24 11:05:59,575 INFO o.a.j.t.JMeterThread: Thread started: 50 usuarios 1-39
2023-07-24 11:05:59,594 INFO o.a.j.t.JMeterThread: Thread started: 50 usuarios 1-40
2023-07-24 11:05:59,615 INFO o.a.j.t.JMeterThread: Thread started: 50 usuarios 1-41
2023-07-24 11:05:59,635 INFO o.a.j.t.JMeterThread: Thread started: 50 usuarios 1-42
2023-07-24 11:05:59,656 INFO o.a.j.t.JMeterThread: Thread started: 50 usuarios 1-43
2023-07-24 11:05:59,675 INFO o.a.j.t.JMeterThread: Thread started: 50 usuarios 1-44
2023-07-24 11:05:59,692 INFO o.a.j.t.JMeterThread: Thread started: 50 usuarios 1-45
2023-07-24 11:05:59,714 INFO o.a.j.t.JMeterThread: Thread started: 50 usuarios 1-46
2023-07-24 11:05:59,736 INFO o.a.j.t.JMeterThread: Thread started: 50 usuarios 1-47
2023-07-24 11:05:59,756 INFO o.a.j.t.JMeterThread: Thread started: 50 usuarios 1-48
2023-07-24 11:05:59,775 INFO o.a.j.t.JMeterThread: Thread started: 50 usuarios 1-49
2023-07-24 11:05:59,791 INFO o.a.j.t.JMeterThread: Thread started: 50 usuarios 1-50
2023-07-24 11:07:42,062 INFO o.a.j.t.JMeterThread: Thread is done: 50 usuarios 1-19
2023-07-24 11:07:42,063 INFO o.a.j.t.JMeterThread: Thread finished: 50 usuarios 1-19
2023-07-24 11:07:47,191 INFO o.a.j.t.JMeterThread: Thread is done: 50 usuarios 1-37
2023-07-24 11:07:47,192 INFO o.a.j.t.JMeterThread: Thread finished: 50 usuarios 1-37
2023-07-24 11:07:58,228 INFO o.a.j.t.JMeterThread: Thread is done: 50 usuarios 1-1
2023-07-24 11:07:58,229 INFO o.a.j.t.JMeterThread: Thread finished: 50 usuarios 1-1
2023-07-24 11:08:05,148 INFO o.a.j.t.JMeterThread: Thread is done: 50 usuarios 1-7
2023-07-24 11:08:05,149 INFO o.a.j.t.JMeterThread: Thread finished: 50 usuarios 1-7
2023-07-24 11:08:09,849 INFO o.a.j.t.JMeterThread: Thread is done: 50 usuarios 1-26
2023-07-24 11:08:09,850 INFO o.a.j.t.JMeterThread: Thread finished: 50 usuarios 1-26
2023-07-24 11:08:12,715 INFO o.a.j.t.JMeterThread: Thread is done: 50 usuarios 1-11
2023-07-24 11:08:12,715 INFO o.a.j.t.JMeterThread: Thread finished: 50 usuarios 1-11
2023-07-24 11:08:12,754 INFO o.a.j.t.JMeterThread: Thread is done: 50 usuarios 1-6
2023-07-24 11:08:12,754 INFO o.a.j.t.JMeterThread: Thread finished: 50 usuarios 1-6
2023-07-24 11:08:15,029 INFO o.a.j.t.JMeterThread: Thread is done: 50 usuarios 1-22
2023-07-24 11:08:15,029 INFO o.a.j.t.JMeterThread: Thread finished: 50 usuarios 1-22
2023-07-24 11:08:16,695 INFO o.a.j.t.JMeterThread: Thread is done: 50 usuarios 1-30
2023-07-24 11:08:16,695 INFO o.a.j.t.JMeterThread: Thread finished: 50 usuarios 1-30
2023-07-24 11:08:17,417 INFO o.a.j.t.JMeterThread: Thread is done: 50 usuarios 1-25
2023-07-24 11:08:17,417 INFO o.a.j.t.JMeterThread: Thread finished: 50 usuarios 1-25
2023-07-24 11:08:17,498 INFO o.a.j.t.JMeterThread: Thread is done: 50 usuarios 1-32
2023-07-24 11:08:17,498 INFO o.a.j.t.JMeterThread: Thread finished: 50 usuarios 1-32
2023-07-24 11:08:17,687 INFO o.a.j.t.JMeterThread: Thread is done: 50 usuarios 1-23
2023-07-24 11:08:17,688 INFO o.a.j.t.JMeterThread: Thread finished: 50 usuarios 1-23
2023-07-24 11:08:18,615 INFO o.a.j.t.JMeterThread: Thread is done: 50 usuarios 1-45
2023-07-24 11:08:18,615 INFO o.a.j.t.JMeterThread: Thread finished: 50 usuarios 1-45
2023-07-24 11:08:18,819 INFO o.a.j.t.JMeterThread: Thread is done: 50 usuarios 1-43
2023-07-24 11:08:18,820 INFO o.a.j.t.JMeterThread: Thread finished: 50 usuarios 1-43
2023-07-24 11:08:19,550 INFO o.a.j.t.JMeterThread: Thread is done: 50 usuarios 1-38
2023-07-24 11:08:19,550 INFO o.a.j.t.JMeterThread: Thread finished: 50 usuarios 1-38
2023-07-24 11:08:20,689 INFO o.a.j.t.JMeterThread: Thread is done: 50 usuarios 1-33
2023-07-24 11:08:20,690 INFO o.a.j.t.JMeterThread: Thread finished: 50 usuarios 1-33
2023-07-24 11:08:20,746 INFO o.a.j.t.JMeterThread: Thread is done: 50 usuarios 1-12
2023-07-24 11:08:20,747 INFO o.a.j.t.JMeterThread: Thread finished: 50 usuarios 1-12
2023-07-24 11:08:26,567 INFO o.a.j.t.JMeterThread: Thread is done: 50 usuarios 1-15
2023-07-24 11:08:26,567 INFO o.a.j.t.JMeterThread: Thread finished: 50 usuarios 1-15
2023-07-24 11:08:28,015 INFO o.a.j.t.JMeterThread: Thread is done: 50 usuarios 1-10
2023-07-24 11:08:28,015 INFO o.a.j.t.JMeterThread: Thread finished: 50 usuarios 1-10
2023-07-24 11:08:28,608 INFO o.a.j.t.JMeterThread: Thread is done: 50 usuarios 1-14
2023-07-24 11:08:28,608 INFO o.a.j.t.JMeterThread: Thread finished: 50 usuarios 1-14
2023-07-24 11:08:29,005 INFO o.a.j.t.JMeterThread: Thread is done: 50 usuarios 1-2
2023-07-24 11:08:29,006 INFO o.a.j.t.JMeterThread: Thread finished: 50 usuarios 1-2
2023-07-24 11:08:29,194 INFO o.a.j.t.JMeterThread: Thread is done: 50 usuarios 1-24
2023-07-24 11:08:29,195 INFO o.a.j.t.JMeterThread: Thread finished: 50 usuarios 1-24
2023-07-24 11:08:31,549 INFO o.a.j.t.JMeterThread: Thread is done: 50 usuarios 1-42
2023-07-24 11:08:31,550 INFO o.a.j.t.JMeterThread: Thread finished: 50 usuarios 1-42
2023-07-24 11:08:34,496 INFO o.a.j.t.JMeterThread: Thread is done: 50 usuarios 1-28
2023-07-24 11:08:34,497 INFO o.a.j.t.JMeterThread: Thread finished: 50 usuarios 1-28
2023-07-24 11:08:34,728 INFO o.a.j.t.JMeterThread: Thread is done: 50 usuarios 1-36
2023-07-24 11:08:34,728 INFO o.a.j.t.JMeterThread: Thread finished: 50 usuarios 1-36
2023-07-24 11:08:34,731 INFO o.a.j.t.JMeterThread: Thread is done: 50 usuarios 1-48
2023-07-24 11:08:34,732 INFO o.a.j.t.JMeterThread: Thread finished: 50 usuarios 1-48
2023-07-24 11:08:35,559 INFO o.a.j.t.JMeterThread: Thread is done: 50 usuarios 1-46
2023-07-24 11:08:35,559 INFO o.a.j.t.JMeterThread: Thread finished: 50 usuarios 1-46
2023-07-24 11:08:35,810 INFO o.a.j.t.JMeterThread: Thread is done: 50 usuarios 1-44
2023-07-24 11:08:35,811 INFO o.a.j.t.JMeterThread: Thread finished: 50 usuarios 1-44
2023-07-24 11:08:35,996 INFO o.a.j.t.JMeterThread: Thread is done: 50 usuarios 1-18
2023-07-24 11:08:35,996 INFO o.a.j.t.JMeterThread: Thread finished: 50 usuarios 1-18
2023-07-24 11:08:37,171 INFO o.a.j.t.JMeterThread: Thread is done: 50 usuarios 1-3
2023-07-24 11:08:37,171 INFO o.a.j.t.JMeterThread: Thread finished: 50 usuarios 1-3
2023-07-24 11:08:38,845 INFO o.a.j.t.JMeterThread: Thread is done: 50 usuarios 1-5
2023-07-24 11:08:38,846 INFO o.a.j.t.JMeterThread: Thread finished: 50 usuarios 1-5
2023-07-24 11:08:39,814 INFO o.a.j.t.JMeterThread: Thread is done: 50 usuarios 1-17
2023-07-24 11:08:39,814 INFO o.a.j.t.JMeterThread: Thread finished: 50 usuarios 1-17
2023-07-24 11:08:41,188 INFO o.a.j.t.JMeterThread: Thread is done: 50 usuarios 1-40
2023-07-24 11:08:41,188 INFO o.a.j.t.JMeterThread: Thread finished: 50 usuarios 1-40
2023-07-24 11:08:42,491 INFO o.a.j.t.JMeterThread: Thread is done: 50 usuarios 1-35
2023-07-24 11:08:42,491 INFO o.a.j.t.JMeterThread: Thread finished: 50 usuarios 1-35
2023-07-24 11:08:42,642 INFO o.a.j.t.JMeterThread: Thread is done: 50 usuarios 1-16
2023-07-24 11:08:42,642 INFO o.a.j.t.JMeterThread: Thread finished: 50 usuarios 1-16
2023-07-24 11:08:42,881 INFO o.a.j.t.JMeterThread: Thread is done: 50 usuarios 1-20
2023-07-24 11:08:42,881 INFO o.a.j.t.JMeterThread: Thread finished: 50 usuarios 1-20
2023-07-24 11:08:43,865 INFO o.a.j.t.JMeterThread: Thread is done: 50 usuarios 1-9
2023-07-24 11:08:43,865 INFO o.a.j.t.JMeterThread: Thread finished: 50 usuarios 1-9
2023-07-24 11:08:44,148 INFO o.a.j.t.JMeterThread: Thread is done: 50 usuarios 1-50
2023-07-24 11:08:44,149 INFO o.a.j.t.JMeterThread: Thread finished: 50 usuarios 1-50
2023-07-24 11:08:44,553 INFO o.a.j.t.JMeterThread: Thread is done: 50 usuarios 1-41
2023-07-24 11:08:44,553 INFO o.a.j.t.JMeterThread: Thread finished: 50 usuarios 1-41
2023-07-24 11:08:44,583 INFO o.a.j.t.JMeterThread: Thread is done: 50 usuarios 1-49
2023-07-24 11:08:44,583 INFO o.a.j.t.JMeterThread: Thread finished: 50 usuarios 1-49
2023-07-24 11:08:44,982 INFO o.a.j.t.JMeterThread: Thread is done: 50 usuarios 1-47
2023-07-24 11:08:44,982 INFO o.a.j.t.JMeterThread: Thread finished: 50 usuarios 1-47
2023-07-24 11:08:45,018 INFO o.a.j.t.JMeterThread: Thread is done: 50 usuarios 1-8
2023-07-24 11:08:45,018 INFO o.a.j.t.JMeterThread: Thread finished: 50 usuarios 1-8
2023-07-24 11:08:45,755 INFO o.a.j.t.JMeterThread: Thread is done: 50 usuarios 1-34
2023-07-24 11:08:45,756 INFO o.a.j.t.JMeterThread: Thread finished: 50 usuarios 1-34
2023-07-24 11:08:45,875 INFO o.a.j.t.JMeterThread: Thread is done: 50 usuarios 1-31
2023-07-24 11:08:45,876 INFO o.a.j.t.JMeterThread: Thread finished: 50 usuarios 1-31
2023-07-24 11:08:46,093 INFO o.a.j.t.JMeterThread: Thread is done: 50 usuarios 1-21
2023-07-24 11:08:46,093 INFO o.a.j.t.JMeterThread: Thread finished: 50 usuarios 1-21
2023-07-24 11:08:46,606 INFO o.a.j.t.JMeterThread: Thread is done: 50 usuarios 1-29
2023-07-24 11:08:46,607 INFO o.a.j.t.JMeterThread: Thread finished: 50 usuarios 1-29
2023-07-24 11:08:46,606 INFO o.a.j.t.JMeterThread: Thread is done: 50 usuarios 1-39
2023-07-24 11:08:46,607 INFO o.a.j.t.JMeterThread: Thread finished: 50 usuarios 1-39
2023-07-24 11:08:47,368 INFO o.a.j.t.JMeterThread: Thread is done: 50 usuarios 1-27
2023-07-24 11:08:47,368 INFO o.a.j.t.JMeterThread: Thread finished: 50 usuarios 1-27
2023-07-24 11:08:47,515 INFO o.a.j.t.JMeterThread: Thread is done: 50 usuarios 1-4
2023-07-24 11:08:47,515 INFO o.a.j.t.JMeterThread: Thread finished: 50 usuarios 1-4
2023-07-24 11:08:47,552 INFO o.a.j.t.JMeterThread: Thread is done: 50 usuarios 1-13
2023-07-24 11:08:47,553 INFO o.a.j.t.JMeterThread: Thread finished: 50 usuarios 1-13
2023-07-24 11:08:47,554 INFO o.a.j.e.StandardJMeterEngine: Notifying test listeners of end of test
2023-07-24 11:08:47,554 INFO o.a.j.g.u.JMeterMenuBar: setRunning(false, *local*)
